{
  "uid" : "6d304da20804fd94",
  "name" : "test_AccessPointConnection_5g_OPEN_Bridge[setup_profiles0]",
  "fullName" : "e2e.interOp.android.AccessPointConnection.test_AccessPointConnection_BridgeMode.TestAcessPointConnectionBridge#test_AccessPointConnection_5g_OPEN_Bridge",
  "historyId" : "2fbe6586bb9eb71655b9059aa09799bb",
  "time" : {
    "start" : 1631321598901,
    "stop" : 1631321707713,
    "duration" : 108812
  },
  "status" : "broken",
  "statusMessage" : "selenium.common.exceptions.NoSuchElementException: Message: Element with by xpath '//*[text()='RUN SPEED TEST']' wasn't found.\nFor documentation on this error, please visit: https://www.seleniumhq.org/exceptions/no_such_element.html\nBuild info: version: '3.141.59', revision: 'e82be7d358', time: '2018-11-14T08:17:03'\nDriver info: driver.version: PerfectoMobileDriver\nStacktrace:\n    at com.perfectomobile.selenium.MobileApplication.getSingleElement (MobileApplication.java:337)\n    at com.perfectomobile.selenium.MobileApplication.findElementByXPath (MobileApplication.java:193)\n    at org.openqa.selenium.By$ByXPath.findElement (By.java:353)\n    at com.perfectomobile.selenium.MobileApplication.findElement (MobileApplication.java:132)\n    at com.perfectomobile.selenium.server.PerfectoMobileDriver.findElement (PerfectoMobileDriver.java:1045)\n    at org.openqa.selenium.remote.server.handler.FindElement.call (FindElement.java:49)\n    at org.openqa.selenium.remote.server.handler.FindElement.call (FindElement.java:32)\n    at org.openqa.selenium.remote.server.handler.WebDriverHandler.handle (WebDriverHandler.java:41)\n    at org.openqa.selenium.remote.server.rest.ResultConfig.handle (ResultConfig.java:125)\n    at org.openqa.selenium.remote.server.JsonHttpCommandHandler.handleRequest (JsonHttpCommandHandler.java:200)\n    at org.openqa.selenium.remote.server.PerfectoMobileSession.execute (PerfectoMobileSession.java:68)\n    at org.openqa.selenium.remote.server.MobileWebDriverServlet.lambda$handle$2 (MobileWebDriverServlet.java:298)\n    at java.util.concurrent.Executors$RunnableAdapter.call (Executors.java:511)\n    at java.util.concurrent.FutureTask.run (FutureTask.java:266)\n    at java.util.concurrent.ThreadPoolExecutor.runWorker (ThreadPoolExecutor.java:1142)\n    at java.util.concurrent.ThreadPoolExecutor$Worker.run (ThreadPoolExecutor.java:617)\n    at java.lang.Thread.run (Thread.java:748)",
  "statusTrace" : "self = <tests.e2e.interOp.android.AccessPointConnection.test_AccessPointConnection_BridgeMode.TestAcessPointConnectionBridge object at 0x7f4954410b20>\nrequest = <FixtureRequest for <Function test_AccessPointConnection_5g_OPEN_Bridge[setup_profiles0]>>\nget_vif_state = ['ssid_open_2g', 'ssid_open_5g', 'ssid_wpa_2g', 'ssid_wpa_2g', 'ssid_wpa_5g', 'ssid_open_2g']\nget_APToMobileDevice_data = {'BtnRunSpeedTest': \"//*[text()='RUN SPEED TEST']\", 'UploadMbps': \"//*[@id='knowledge-verticals-internetspeedtest__upl...[@class='spiqle']\", 'appPackage-android': 'com.android.settings', 'bundleId-iOS-Safari': 'com.apple.mobilesafari', ...}\nsetup_perfectoMobile_android = (<appium.webdriver.webdriver.WebDriver (session=\"be9326e5-c2f8-492a-8a08-af05bbd76e9a\")>, <perfecto.client.PerfectoReportiumClient.PerfectoReportiumClient object at 0x7f495433f0d0>)\n\n    @pytest.mark.fiveg\n    @pytest.mark.open\n    def test_AccessPointConnection_5g_OPEN_Bridge(self, request, get_vif_state, get_APToMobileDevice_data, setup_perfectoMobile_android):\n    \n        profile_data = setup_params_general[\"ssid_modes\"][\"open\"][1]\n        ssidName = profile_data[\"ssid_name\"]\n        ssidPassword = \"[BLANK]\"\n        print(\"SSID_NAME: \" + ssidName)\n        print(\"SSID_PASS: \" + ssidPassword)\n    \n        if ssidName not in get_vif_state:\n            allure.attach(name=\"retest,vif state ssid not available:\", body=str(get_vif_state))\n            pytest.xfail(\"SSID NOT AVAILABLE IN VIF STATE\")\n    \n        report = setup_perfectoMobile_android[1]\n        driver = setup_perfectoMobile_android[0]\n        connData = get_APToMobileDevice_data\n    \n        # Set Wifi/AP Mode\n        set_APconnMobileDevice_android(request, ssidName, ssidPassword, setup_perfectoMobile_android, connData)\n    \n        # Toggle AirplaneMode\n        assert Toggle_AirplaneMode_android(request, setup_perfectoMobile_android, connData)\n    \n        # Verify Upload download Speed from device Selection\n>       assert verifyUploadDownloadSpeed_android(request, setup_perfectoMobile_android, connData)\n\ne2e/interOp/android/AccessPointConnection/test_AccessPointConnection_BridgeMode.py:220: \n_ _ _ _ _ _ _ _ _ _ _ _ _ _ _ _ _ _ _ _ _ _ _ _ _ _ _ _ _ _ _ _ _ _ _ _ _ _ _ _ \n../libs/perfecto_libs/android_lib.py:587: in verifyUploadDownloadSpeed_android\n    driver.find_element_by_xpath(connData[\"BtnRunSpeedTest\"]).click()\n/usr/local/lib/python3.8/site-packages/selenium/webdriver/remote/webdriver.py:394: in find_element_by_xpath\n    return self.find_element(by=By.XPATH, value=xpath)\n/usr/local/lib/python3.8/site-packages/appium/webdriver/webdriver.py:283: in find_element\n    return self.execute(RemoteCommand.FIND_ELEMENT, {'using': by, 'value': value})['value']\n/usr/local/lib/python3.8/site-packages/selenium/webdriver/remote/webdriver.py:321: in execute\n    self.error_handler.check_response(response)\n/usr/local/lib/python3.8/site-packages/appium/webdriver/errorhandler.py:31: in check_response\n    raise wde\n/usr/local/lib/python3.8/site-packages/appium/webdriver/errorhandler.py:26: in check_response\n    super().check_response(response)\n_ _ _ _ _ _ _ _ _ _ _ _ _ _ _ _ _ _ _ _ _ _ _ _ _ _ _ _ _ _ _ _ _ _ _ _ _ _ _ _ \n\nself = <appium.webdriver.errorhandler.MobileErrorHandler object at 0x7f495433f3d0>\nresponse = {'status': 500, 'value': '{\\n  \"sessionId\": \"fde4fdea-44f5-4c20-919b-e7fd592f8246\",\\n  \"state\": \"no such element\",\\n  ...8\",\\n      \"releaseLabel\": \"3.141.59\",\\n      \"class\": \"org.openqa.selenium.BuildInfo\"\\n    }\\n  },\\n  \"status\": 7\\n}'}\n\n    def check_response(self, response):\n        \"\"\"\n        Checks that a JSON response from the WebDriver does not have an error.\n    \n        :Args:\n         - response - The JSON response from the WebDriver server as a dictionary\n           object.\n    \n        :Raises: If the response contains an error message.\n        \"\"\"\n        status = response.get('status', None)\n        if status is None or status == ErrorCode.SUCCESS:\n            return\n        value = None\n        message = response.get(\"message\", \"\")\n        screen = response.get(\"screen\", \"\")\n        stacktrace = None\n        if isinstance(status, int):\n            value_json = response.get('value', None)\n            if value_json and isinstance(value_json, basestring):\n                import json\n                try:\n                    value = json.loads(value_json)\n                    if len(value.keys()) == 1:\n                        value = value['value']\n                    status = value.get('error', None)\n                    if status is None:\n                        status = value[\"status\"]\n                        message = value[\"value\"]\n                        if not isinstance(message, basestring):\n                            value = message\n                            message = message.get('message')\n                    else:\n                        message = value.get('message', None)\n                except ValueError:\n                    pass\n    \n        exception_class = ErrorInResponseException\n        if status in ErrorCode.NO_SUCH_ELEMENT:\n            exception_class = NoSuchElementException\n        elif status in ErrorCode.NO_SUCH_FRAME:\n            exception_class = NoSuchFrameException\n        elif status in ErrorCode.NO_SUCH_WINDOW:\n            exception_class = NoSuchWindowException\n        elif status in ErrorCode.STALE_ELEMENT_REFERENCE:\n            exception_class = StaleElementReferenceException\n        elif status in ErrorCode.ELEMENT_NOT_VISIBLE:\n            exception_class = ElementNotVisibleException\n        elif status in ErrorCode.INVALID_ELEMENT_STATE:\n            exception_class = InvalidElementStateException\n        elif status in ErrorCode.INVALID_SELECTOR \\\n                or status in ErrorCode.INVALID_XPATH_SELECTOR \\\n                or status in ErrorCode.INVALID_XPATH_SELECTOR_RETURN_TYPER:\n            exception_class = InvalidSelectorException\n        elif status in ErrorCode.ELEMENT_IS_NOT_SELECTABLE:\n            exception_class = ElementNotSelectableException\n        elif status in ErrorCode.ELEMENT_NOT_INTERACTABLE:\n            exception_class = ElementNotInteractableException\n        elif status in ErrorCode.INVALID_COOKIE_DOMAIN:\n            exception_class = InvalidCookieDomainException\n        elif status in ErrorCode.UNABLE_TO_SET_COOKIE:\n            exception_class = UnableToSetCookieException\n        elif status in ErrorCode.TIMEOUT:\n            exception_class = TimeoutException\n        elif status in ErrorCode.SCRIPT_TIMEOUT:\n            exception_class = TimeoutException\n        elif status in ErrorCode.UNKNOWN_ERROR:\n            exception_class = WebDriverException\n        elif status in ErrorCode.UNEXPECTED_ALERT_OPEN:\n            exception_class = UnexpectedAlertPresentException\n        elif status in ErrorCode.NO_ALERT_OPEN:\n            exception_class = NoAlertPresentException\n        elif status in ErrorCode.IME_NOT_AVAILABLE:\n            exception_class = ImeNotAvailableException\n        elif status in ErrorCode.IME_ENGINE_ACTIVATION_FAILED:\n            exception_class = ImeActivationFailedException\n        elif status in ErrorCode.MOVE_TARGET_OUT_OF_BOUNDS:\n            exception_class = MoveTargetOutOfBoundsException\n        elif status in ErrorCode.JAVASCRIPT_ERROR:\n            exception_class = JavascriptException\n        elif status in ErrorCode.SESSION_NOT_CREATED:\n            exception_class = SessionNotCreatedException\n        elif status in ErrorCode.INVALID_ARGUMENT:\n            exception_class = InvalidArgumentException\n        elif status in ErrorCode.NO_SUCH_COOKIE:\n            exception_class = NoSuchCookieException\n        elif status in ErrorCode.UNABLE_TO_CAPTURE_SCREEN:\n            exception_class = ScreenshotException\n        elif status in ErrorCode.ELEMENT_CLICK_INTERCEPTED:\n            exception_class = ElementClickInterceptedException\n        elif status in ErrorCode.INSECURE_CERTIFICATE:\n            exception_class = InsecureCertificateException\n        elif status in ErrorCode.INVALID_COORDINATES:\n            exception_class = InvalidCoordinatesException\n        elif status in ErrorCode.INVALID_SESSION_ID:\n            exception_class = InvalidSessionIdException\n        elif status in ErrorCode.UNKNOWN_METHOD:\n            exception_class = UnknownMethodException\n        else:\n            exception_class = WebDriverException\n        if value == '' or value is None:\n            value = response['value']\n        if isinstance(value, basestring):\n            if exception_class == ErrorInResponseException:\n                raise exception_class(response, value)\n            raise exception_class(value)\n        if message == \"\" and 'message' in value:\n            message = value['message']\n    \n        screen = None\n        if 'screen' in value:\n            screen = value['screen']\n    \n        stacktrace = None\n        if 'stackTrace' in value and value['stackTrace']:\n            stacktrace = []\n            try:\n                for frame in value['stackTrace']:\n                    line = self._value_or_default(frame, 'lineNumber', '')\n                    file = self._value_or_default(frame, 'fileName', '<anonymous>')\n                    if line:\n                        file = \"%s:%s\" % (file, line)\n                    meth = self._value_or_default(frame, 'methodName', '<anonymous>')\n                    if 'className' in frame:\n                        meth = \"%s.%s\" % (frame['className'], meth)\n                    msg = \"    at %s (%s)\"\n                    msg = msg % (meth, file)\n                    stacktrace.append(msg)\n            except TypeError:\n                pass\n        if exception_class == ErrorInResponseException:\n            raise exception_class(response, message)\n        elif exception_class == UnexpectedAlertPresentException:\n            alert_text = None\n            if 'data' in value:\n                alert_text = value['data'].get('text')\n            elif 'alert' in value:\n                alert_text = value['alert'].get('text')\n            raise exception_class(message, screen, stacktrace, alert_text)\n>       raise exception_class(message, screen, stacktrace)\nE       selenium.common.exceptions.NoSuchElementException: Message: Element with by xpath '//*[text()='RUN SPEED TEST']' wasn't found.\nE       For documentation on this error, please visit: https://www.seleniumhq.org/exceptions/no_such_element.html\nE       Build info: version: '3.141.59', revision: 'e82be7d358', time: '2018-11-14T08:17:03'\nE       Driver info: driver.version: PerfectoMobileDriver\nE       Stacktrace:\nE           at com.perfectomobile.selenium.MobileApplication.getSingleElement (MobileApplication.java:337)\nE           at com.perfectomobile.selenium.MobileApplication.findElementByXPath (MobileApplication.java:193)\nE           at org.openqa.selenium.By$ByXPath.findElement (By.java:353)\nE           at com.perfectomobile.selenium.MobileApplication.findElement (MobileApplication.java:132)\nE           at com.perfectomobile.selenium.server.PerfectoMobileDriver.findElement (PerfectoMobileDriver.java:1045)\nE           at org.openqa.selenium.remote.server.handler.FindElement.call (FindElement.java:49)\nE           at org.openqa.selenium.remote.server.handler.FindElement.call (FindElement.java:32)\nE           at org.openqa.selenium.remote.server.handler.WebDriverHandler.handle (WebDriverHandler.java:41)\nE           at org.openqa.selenium.remote.server.rest.ResultConfig.handle (ResultConfig.java:125)\nE           at org.openqa.selenium.remote.server.JsonHttpCommandHandler.handleRequest (JsonHttpCommandHandler.java:200)\nE           at org.openqa.selenium.remote.server.PerfectoMobileSession.execute (PerfectoMobileSession.java:68)\nE           at org.openqa.selenium.remote.server.MobileWebDriverServlet.lambda$handle$2 (MobileWebDriverServlet.java:298)\nE           at java.util.concurrent.Executors$RunnableAdapter.call (Executors.java:511)\nE           at java.util.concurrent.FutureTask.run (FutureTask.java:266)\nE           at java.util.concurrent.ThreadPoolExecutor.runWorker (ThreadPoolExecutor.java:1142)\nE           at java.util.concurrent.ThreadPoolExecutor$Worker.run (ThreadPoolExecutor.java:617)\nE           at java.lang.Thread.run (Thread.java:748)\n\n/usr/local/lib/python3.8/site-packages/selenium/webdriver/remote/errorhandler.py:242: NoSuchElementException",
  "flaky" : false,
  "newFailed" : false,
  "beforeStages" : [ {
    "name" : "fixtures_ver",
    "time" : {
      "start" : 1631320032302,
      "stop" : 1631320032345,
      "duration" : 43
    },
    "status" : "passed",
    "steps" : [ ],
    "attachments" : [ ],
    "parameters" : [ ],
    "stepsCount" : 0,
    "attachmentsCount" : 0,
    "shouldDisplayMessage" : false,
    "hasContent" : false
  }, {
    "name" : "add_allure_environment_property",
    "time" : {
      "start" : 1631320032301,
      "stop" : 1631320032301,
      "duration" : 0
    },
    "status" : "passed",
    "steps" : [ ],
    "attachments" : [ ],
    "parameters" : [ ],
    "stepsCount" : 0,
    "attachmentsCount" : 0,
    "shouldDisplayMessage" : false,
    "hasContent" : false
  }, {
    "name" : "get_vif_state",
    "time" : {
      "start" : 1631321126054,
      "stop" : 1631321126054,
      "duration" : 0
    },
    "status" : "passed",
    "steps" : [ ],
    "attachments" : [ ],
    "parameters" : [ ],
    "stepsCount" : 0,
    "attachmentsCount" : 0,
    "shouldDisplayMessage" : false,
    "hasContent" : false
  }, {
    "name" : "get_equipment_id",
    "time" : {
      "start" : 1631320036167,
      "stop" : 1631320036167,
      "duration" : 0
    },
    "status" : "passed",
    "steps" : [ ],
    "attachments" : [ ],
    "parameters" : [ ],
    "stepsCount" : 0,
    "attachmentsCount" : 0,
    "shouldDisplayMessage" : false,
    "hasContent" : false
  }, {
    "name" : "get_security_flags",
    "time" : {
      "start" : 1631320036167,
      "stop" : 1631320036167,
      "duration" : 0
    },
    "status" : "passed",
    "steps" : [ ],
    "attachments" : [ ],
    "parameters" : [ ],
    "stepsCount" : 0,
    "attachmentsCount" : 0,
    "shouldDisplayMessage" : false,
    "hasContent" : false
  }, {
    "name" : "get_markers",
    "time" : {
      "start" : 1631320036168,
      "stop" : 1631320036168,
      "duration" : 0
    },
    "status" : "passed",
    "steps" : [ ],
    "attachments" : [ ],
    "parameters" : [ ],
    "stepsCount" : 0,
    "attachmentsCount" : 0,
    "shouldDisplayMessage" : false,
    "hasContent" : false
  }, {
    "name" : "test_access_point",
    "time" : {
      "start" : 1631320032302,
      "stop" : 1631320032302,
      "duration" : 0
    },
    "status" : "passed",
    "steps" : [ ],
    "attachments" : [ ],
    "parameters" : [ ],
    "stepsCount" : 0,
    "attachmentsCount" : 0,
    "shouldDisplayMessage" : false,
    "hasContent" : false
  }, {
    "name" : "instantiate_profile",
    "time" : {
      "start" : 1631320036167,
      "stop" : 1631320036167,
      "duration" : 0
    },
    "status" : "passed",
    "steps" : [ ],
    "attachments" : [ ],
    "parameters" : [ ],
    "stepsCount" : 0,
    "attachmentsCount" : 0,
    "shouldDisplayMessage" : false,
    "hasContent" : false
  }, {
    "name" : "testbed",
    "time" : {
      "start" : 1631320032301,
      "stop" : 1631320032301,
      "duration" : 0
    },
    "status" : "passed",
    "steps" : [ ],
    "attachments" : [ ],
    "parameters" : [ ],
    "stepsCount" : 0,
    "attachmentsCount" : 0,
    "shouldDisplayMessage" : false,
    "hasContent" : false
  }, {
    "name" : "get_apnos",
    "time" : {
      "start" : 1631320032302,
      "stop" : 1631320032302,
      "duration" : 0
    },
    "status" : "passed",
    "steps" : [ ],
    "attachments" : [ ],
    "parameters" : [ ],
    "stepsCount" : 0,
    "attachmentsCount" : 0,
    "shouldDisplayMessage" : false,
    "hasContent" : false
  }, {
    "name" : "lf_tools",
    "time" : {
      "start" : 1631320036490,
      "stop" : 1631320036892,
      "duration" : 402
    },
    "status" : "passed",
    "steps" : [ ],
    "attachments" : [ ],
    "parameters" : [ ],
    "stepsCount" : 0,
    "attachmentsCount" : 0,
    "shouldDisplayMessage" : false,
    "hasContent" : false
  }, {
    "name" : "setup_profiles",
    "time" : {
      "start" : 1631320998631,
      "stop" : 1631321126053,
      "duration" : 127422
    },
    "status" : "passed",
    "steps" : [ ],
    "attachments" : [ {
      "uid" : "4ca8c78da87079a7",
      "name" : "ucentral_config: ",
      "source" : "4ca8c78da87079a7.attach",
      "type" : "text/plain",
      "size" : 2046
    }, {
      "uid" : "ac4ae46ace6dd535",
      "name" : "Time Took to apply Config: 86.9234766960144",
      "source" : "ac4ae46ace6dd535.attach",
      "type" : "application/octet-stream",
      "size" : 0
    }, {
      "uid" : "f378ce4267b56718",
      "name" : "Success : Active Config in AP: ",
      "source" : "f378ce4267b56718.attach",
      "type" : "text/plain",
      "size" : 2046
    }, {
      "uid" : "bc3dcae3ae8df0b2",
      "name" : "iwinfo: ",
      "source" : "bc3dcae3ae8df0b2.attach",
      "type" : "text/plain",
      "size" : 2190
    }, {
      "uid" : "98d8f2fe6dfb07b7",
      "name" : "AP Logs: ",
      "source" : "98d8f2fe6dfb07b7.attach",
      "type" : "text/plain",
      "size" : 72659
    } ],
    "parameters" : [ ],
    "stepsCount" : 0,
    "attachmentsCount" : 5,
    "shouldDisplayMessage" : false,
    "hasContent" : true
  }, {
    "name" : "setup_perfectoMobile_android",
    "time" : {
      "start" : 1631321582648,
      "stop" : 1631321598900,
      "duration" : 16252
    },
    "status" : "passed",
    "steps" : [ ],
    "attachments" : [ ],
    "parameters" : [ ],
    "stepsCount" : 0,
    "attachmentsCount" : 0,
    "shouldDisplayMessage" : false,
    "hasContent" : false
  }, {
    "name" : "create_lanforge_chamberview_dut",
    "time" : {
      "start" : 1631320036169,
      "stop" : 1631320036490,
      "duration" : 321
    },
    "status" : "passed",
    "steps" : [ ],
    "attachments" : [ ],
    "parameters" : [ ],
    "stepsCount" : 0,
    "attachmentsCount" : 0,
    "shouldDisplayMessage" : false,
    "hasContent" : false
  }, {
    "name" : "get_APToMobileDevice_data",
    "time" : {
      "start" : 1631321582648,
      "stop" : 1631321582648,
      "duration" : 0
    },
    "status" : "passed",
    "steps" : [ ],
    "attachments" : [ ],
    "parameters" : [ ],
    "stepsCount" : 0,
    "attachmentsCount" : 0,
    "shouldDisplayMessage" : false,
    "hasContent" : false
  }, {
    "name" : "radius_accounting_info",
    "time" : {
      "start" : 1631320036893,
      "stop" : 1631320036893,
      "duration" : 0
    },
    "status" : "passed",
    "steps" : [ ],
    "attachments" : [ ],
    "parameters" : [ ],
    "stepsCount" : 0,
    "attachmentsCount" : 0,
    "shouldDisplayMessage" : false,
    "hasContent" : false
  }, {
    "name" : "radius_info",
    "time" : {
      "start" : 1631320036893,
      "stop" : 1631320036893,
      "duration" : 0
    },
    "status" : "passed",
    "steps" : [ ],
    "attachments" : [ ],
    "parameters" : [ ],
    "stepsCount" : 0,
    "attachmentsCount" : 0,
    "shouldDisplayMessage" : false,
    "hasContent" : false
  }, {
    "name" : "get_configuration",
    "time" : {
      "start" : 1631320032301,
      "stop" : 1631320032301,
      "duration" : 0
    },
    "status" : "passed",
    "steps" : [ ],
    "attachments" : [ ],
    "parameters" : [ ],
    "stepsCount" : 0,
    "attachmentsCount" : 0,
    "shouldDisplayMessage" : false,
    "hasContent" : false
  }, {
    "name" : "setup_controller",
    "time" : {
      "start" : 1631320036167,
      "stop" : 1631320036167,
      "duration" : 0
    },
    "status" : "passed",
    "steps" : [ ],
    "attachments" : [ ],
    "parameters" : [ ],
    "stepsCount" : 0,
    "attachmentsCount" : 0,
    "shouldDisplayMessage" : false,
    "hasContent" : false
  }, {
    "name" : "add_env_properties",
    "time" : {
      "start" : 1631320032345,
      "stop" : 1631320036166,
      "duration" : 3821
    },
    "status" : "passed",
    "steps" : [ ],
    "attachments" : [ ],
    "parameters" : [ ],
    "stepsCount" : 0,
    "attachmentsCount" : 0,
    "shouldDisplayMessage" : false,
    "hasContent" : false
  } ],
  "afterStages" : [ {
    "name" : "fixtures_ver::0",
    "time" : {
      "start" : 1631327331244,
      "stop" : 1631327331245,
      "duration" : 1
    },
    "status" : "passed",
    "steps" : [ ],
    "attachments" : [ ],
    "parameters" : [ ],
    "stepsCount" : 0,
    "attachmentsCount" : 0,
    "shouldDisplayMessage" : false,
    "hasContent" : false
  }, {
    "name" : "add_allure_environment_property::0",
    "time" : {
      "start" : 1631327331302,
      "stop" : 1631327331302,
      "duration" : 0
    },
    "status" : "passed",
    "steps" : [ ],
    "attachments" : [ ],
    "parameters" : [ ],
    "stepsCount" : 0,
    "attachmentsCount" : 0,
    "shouldDisplayMessage" : false,
    "hasContent" : false
  }, {
    "name" : "get_vif_state::0",
    "time" : {
      "start" : 1631321730348,
      "stop" : 1631321730348,
      "duration" : 0
    },
    "status" : "passed",
    "steps" : [ ],
    "attachments" : [ ],
    "parameters" : [ ],
    "stepsCount" : 0,
    "attachmentsCount" : 0,
    "shouldDisplayMessage" : false,
    "hasContent" : false
  }, {
    "name" : "get_equipment_id::0",
    "time" : {
      "start" : 1631327331203,
      "stop" : 1631327331203,
      "duration" : 0
    },
    "status" : "passed",
    "steps" : [ ],
    "attachments" : [ ],
    "parameters" : [ ],
    "stepsCount" : 0,
    "attachmentsCount" : 0,
    "shouldDisplayMessage" : false,
    "hasContent" : false
  }, {
    "name" : "get_security_flags::0",
    "time" : {
      "start" : 1631327331197,
      "stop" : 1631327331197,
      "duration" : 0
    },
    "status" : "passed",
    "steps" : [ ],
    "attachments" : [ ],
    "parameters" : [ ],
    "stepsCount" : 0,
    "attachmentsCount" : 0,
    "shouldDisplayMessage" : false,
    "hasContent" : false
  }, {
    "name" : "get_markers::0",
    "time" : {
      "start" : 1631327331192,
      "stop" : 1631327331192,
      "duration" : 0
    },
    "status" : "passed",
    "steps" : [ ],
    "attachments" : [ ],
    "parameters" : [ ],
    "stepsCount" : 0,
    "attachmentsCount" : 0,
    "shouldDisplayMessage" : false,
    "hasContent" : false
  }, {
    "name" : "test_access_point::0",
    "time" : {
      "start" : 1631327331247,
      "stop" : 1631327331247,
      "duration" : 0
    },
    "status" : "passed",
    "steps" : [ ],
    "attachments" : [ ],
    "parameters" : [ ],
    "stepsCount" : 0,
    "attachmentsCount" : 0,
    "shouldDisplayMessage" : false,
    "hasContent" : false
  }, {
    "name" : "instantiate_profile::0",
    "time" : {
      "start" : 1631327331200,
      "stop" : 1631327331200,
      "duration" : 0
    },
    "status" : "passed",
    "steps" : [ ],
    "attachments" : [ ],
    "parameters" : [ ],
    "stepsCount" : 0,
    "attachmentsCount" : 0,
    "shouldDisplayMessage" : false,
    "hasContent" : false
  }, {
    "name" : "testbed::0",
    "time" : {
      "start" : 1631327331299,
      "stop" : 1631327331299,
      "duration" : 0
    },
    "status" : "passed",
    "steps" : [ ],
    "attachments" : [ ],
    "parameters" : [ ],
    "stepsCount" : 0,
    "attachmentsCount" : 0,
    "shouldDisplayMessage" : false,
    "hasContent" : false
  }, {
    "name" : "get_apnos::0",
    "time" : {
      "start" : 1631327331257,
      "stop" : 1631327331257,
      "duration" : 0
    },
    "status" : "passed",
    "steps" : [ ],
    "attachments" : [ ],
    "parameters" : [ ],
    "stepsCount" : 0,
    "attachmentsCount" : 0,
    "shouldDisplayMessage" : false,
    "hasContent" : false
  }, {
    "name" : "lf_tools::0",
    "time" : {
      "start" : 1631327331185,
      "stop" : 1631327331185,
      "duration" : 0
    },
    "status" : "passed",
    "steps" : [ ],
    "attachments" : [ ],
    "parameters" : [ ],
    "stepsCount" : 0,
    "attachmentsCount" : 0,
    "shouldDisplayMessage" : false,
    "hasContent" : false
  }, {
    "name" : "setup_profiles::1",
    "time" : {
      "start" : 1631321730349,
      "stop" : 1631321730349,
      "duration" : 0
    },
    "status" : "passed",
    "steps" : [ ],
    "attachments" : [ ],
    "parameters" : [ ],
    "stepsCount" : 0,
    "attachmentsCount" : 0,
    "shouldDisplayMessage" : false,
    "hasContent" : false
  }, {
    "name" : "setup_profiles::teardown_session",
    "time" : {
      "start" : 1631321730349,
      "stop" : 1631321739092,
      "duration" : 8743
    },
    "status" : "passed",
    "steps" : [ ],
    "attachments" : [ {
      "uid" : "7e85d7ed687547c4",
      "name" : "iwinfo: ",
      "source" : "7e85d7ed687547c4.attach",
      "type" : "text/plain",
      "size" : 3284
    }, {
      "uid" : "2d784524ccab620",
      "name" : "AP Logs after test completion",
      "source" : "2d784524ccab620.attach",
      "type" : "text/plain",
      "size" : 72772
    } ],
    "parameters" : [ ],
    "stepsCount" : 0,
    "attachmentsCount" : 2,
    "shouldDisplayMessage" : false,
    "hasContent" : true
  }, {
    "name" : "setup_perfectoMobile_android::1",
    "time" : {
      "start" : 1631321708070,
      "stop" : 1631321708070,
      "duration" : 0
    },
    "status" : "passed",
    "steps" : [ ],
    "attachments" : [ ],
    "parameters" : [ ],
    "stepsCount" : 0,
    "attachmentsCount" : 0,
    "shouldDisplayMessage" : false,
    "hasContent" : false
  }, {
    "name" : "setup_perfectoMobile_android::teardown",
    "time" : {
      "start" : 1631321708071,
      "stop" : 1631321730346,
      "duration" : 22275
    },
    "status" : "passed",
    "steps" : [ ],
    "attachments" : [ ],
    "parameters" : [ ],
    "stepsCount" : 0,
    "attachmentsCount" : 0,
    "shouldDisplayMessage" : false,
    "hasContent" : false
  }, {
    "name" : "create_lanforge_chamberview_dut::0",
    "time" : {
      "start" : 1631327331189,
      "stop" : 1631327331189,
      "duration" : 0
    },
    "status" : "passed",
    "steps" : [ ],
    "attachments" : [ ],
    "parameters" : [ ],
    "stepsCount" : 0,
    "attachmentsCount" : 0,
    "shouldDisplayMessage" : false,
    "hasContent" : false
  }, {
    "name" : "get_APToMobileDevice_data::0",
    "time" : {
      "start" : 1631321730347,
      "stop" : 1631321730347,
      "duration" : 0
    },
    "status" : "passed",
    "steps" : [ ],
    "attachments" : [ ],
    "parameters" : [ ],
    "stepsCount" : 0,
    "attachmentsCount" : 0,
    "shouldDisplayMessage" : false,
    "hasContent" : false
  }, {
    "name" : "radius_accounting_info::0",
    "time" : {
      "start" : 1631327331173,
      "stop" : 1631327331173,
      "duration" : 0
    },
    "status" : "passed",
    "steps" : [ ],
    "attachments" : [ ],
    "parameters" : [ ],
    "stepsCount" : 0,
    "attachmentsCount" : 0,
    "shouldDisplayMessage" : false,
    "hasContent" : false
  }, {
    "name" : "radius_info::0",
    "time" : {
      "start" : 1631327331178,
      "stop" : 1631327331178,
      "duration" : 0
    },
    "status" : "passed",
    "steps" : [ ],
    "attachments" : [ ],
    "parameters" : [ ],
    "stepsCount" : 0,
    "attachmentsCount" : 0,
    "shouldDisplayMessage" : false,
    "hasContent" : false
  }, {
    "name" : "get_configuration::0",
    "time" : {
      "start" : 1631327331279,
      "stop" : 1631327331279,
      "duration" : 0
    },
    "status" : "passed",
    "steps" : [ ],
    "attachments" : [ ],
    "parameters" : [ ],
    "stepsCount" : 0,
    "attachmentsCount" : 0,
    "shouldDisplayMessage" : false,
    "hasContent" : false
  }, {
    "name" : "setup_controller::1",
    "time" : {
      "start" : 1631327331209,
      "stop" : 1631327331209,
      "duration" : 0
    },
    "status" : "passed",
    "steps" : [ ],
    "attachments" : [ ],
    "parameters" : [ ],
    "stepsCount" : 0,
    "attachmentsCount" : 0,
    "shouldDisplayMessage" : false,
    "hasContent" : false
  }, {
    "name" : "setup_controller::disconnect",
    "time" : {
      "start" : 1631327331209,
      "stop" : 1631327331230,
      "duration" : 21
    },
    "status" : "passed",
    "steps" : [ ],
    "attachments" : [ ],
    "parameters" : [ ],
    "stepsCount" : 0,
    "attachmentsCount" : 0,
    "shouldDisplayMessage" : false,
    "hasContent" : false
  } ],
  "labels" : [ {
    "name" : "feature",
    "value" : "BRIDGE MODE CLIENT CONNECTIVITY"
  }, {
    "name" : "tag",
    "value" : "AccessPointConnection"
  }, {
    "name" : "tag",
    "value" : "sanity"
  }, {
    "name" : "tag",
    "value" : "fiveg"
  }, {
    "name" : "tag",
    "value" : "interop_and"
  }, {
    "name" : "tag",
    "value" : "@pytest.mark.usefixtures('setup_profiles')"
  }, {
    "name" : "tag",
    "value" : "open"
  }, {
    "name" : "tag",
    "value" : "interop"
  }, {
    "name" : "tag",
    "value" : "android"
  }, {
    "name" : "parentSuite",
    "value" : "e2e.interOp.android.AccessPointConnection"
  }, {
    "name" : "suite",
    "value" : "test_AccessPointConnection_BridgeMode"
  }, {
    "name" : "subSuite",
    "value" : "TestAcessPointConnectionBridge"
  }, {
    "name" : "host",
    "value" : "interop-ci-205-android-8zxjb"
  }, {
    "name" : "thread",
    "value" : "6-MainThread"
  }, {
    "name" : "framework",
    "value" : "pytest"
  }, {
    "name" : "language",
    "value" : "cpython3"
  }, {
    "name" : "package",
    "value" : "e2e.interOp.android.AccessPointConnection.test_AccessPointConnection_BridgeMode"
  }, {
    "name" : "resultFormat",
    "value" : "allure2"
  } ],
  "parameters" : [ {
    "name" : "setup_profiles",
    "value" : "{'mode': 'BRIDGE', 'ssid_modes': {'wpa': [{'ssid_name': 'ssid_wpa_2g', 'appliedRadios': ['2G'], 'security_key': 'something', 'security': 'psk'}, {'ssid_name': 'ssid_wpa_5g', 'appliedRadios': ['5G'], 'security_key': 'something', 'security': 'psk'}], 'open': [{'ssid_name': 'ssid_open_2g', 'appliedRadios': ['2G'], 'security': 'none'}, {'ssid_name': 'ssid_open_5g', 'appliedRadios': ['5G'], 'security': 'none'}], 'wpa2_personal': [{'ssid_name': 'ssid_wpa2_2g', 'appliedRadios': ['2G'], 'security_key': 'something', 'security': 'psk2'}, {'ssid_name': 'ssid_wpa2_5g', 'appliedRadios': ['5G'], 'security_key': 'something', 'security': 'psk2'}]}, 'rf': {}, 'radius': False}"
  } ],
  "links" : [ ],
  "hidden" : false,
  "retry" : false,
  "extra" : {
    "severity" : "normal",
    "retries" : [ ],
    "categories" : [ {
      "name" : "Test defects",
      "matchedStatuses" : [ ],
      "flaky" : false
    } ],
    "history" : {
      "statistic" : {
        "failed" : 2,
        "broken" : 10,
        "skipped" : 0,
        "passed" : 8,
        "unknown" : 0,
        "total" : 20
      },
      "items" : [ {
        "uid" : "70f04245f9578d64",
        "status" : "failed",
        "statusDetails" : "AssertionError",
        "time" : {
          "start" : 1631234912807,
          "stop" : 1631234961684,
          "duration" : 48877
        }
      }, {
        "uid" : "80559d80971bb091",
        "status" : "broken",
        "statusDetails" : "selenium.common.exceptions.NoSuchElementException: Message: Element with by xpath '//*[text()='RUN SPEED TEST']' wasn't found.\nFor documentation on this error, please visit: https://www.seleniumhq.org/exceptions/no_such_element.html\nBuild info: version: '3.141.59', revision: 'e82be7d358', time: '2018-11-14T08:17:03'\nDriver info: driver.version: PerfectoMobileDriver\nStacktrace:\n    at com.perfectomobile.selenium.MobileApplication.getSingleElement (MobileApplication.java:337)\n    at com.perfectomobile.selenium.MobileApplication.findElementByXPath (MobileApplication.java:193)\n    at org.openqa.selenium.By$ByXPath.findElement (By.java:353)\n    at com.perfectomobile.selenium.MobileApplication.findElement (MobileApplication.java:132)\n    at com.perfectomobile.selenium.server.PerfectoMobileDriver.findElement (PerfectoMobileDriver.java:1045)\n    at org.openqa.selenium.remote.server.handler.FindElement.call (FindElement.java:49)\n    at org.openqa.selenium.remote.server.handler.FindElement.call (FindElement.java:32)\n    at org.openqa.selenium.remote.server.handler.WebDriverHandler.handle (WebDriverHandler.java:41)\n    at org.openqa.selenium.remote.server.rest.ResultConfig.handle (ResultConfig.java:125)\n    at org.openqa.selenium.remote.server.JsonHttpCommandHandler.handleRequest (JsonHttpCommandHandler.java:200)\n    at org.openqa.selenium.remote.server.PerfectoMobileSession.execute (PerfectoMobileSession.java:68)\n    at org.openqa.selenium.remote.server.MobileWebDriverServlet.lambda$handle$2 (MobileWebDriverServlet.java:298)\n    at java.util.concurrent.Executors$RunnableAdapter.call (Executors.java:511)\n    at java.util.concurrent.FutureTask.run (FutureTask.java:266)\n    at java.util.concurrent.ThreadPoolExecutor.runWorker (ThreadPoolExecutor.java:1142)\n    at java.util.concurrent.ThreadPoolExecutor$Worker.run (ThreadPoolExecutor.java:617)\n    at java.lang.Thread.run (Thread.java:748)",
        "time" : {
          "start" : 1631149179711,
          "stop" : 1631149287086,
          "duration" : 107375
        }
      }, {
        "uid" : "4ebf02b0f4816c53",
        "status" : "broken",
        "statusDetails" : "selenium.common.exceptions.TimeoutException: Message: \nStacktrace:\n    at sun.reflect.GeneratedConstructorAccessor1986.newInstance (None:-1)\n    at sun.reflect.DelegatingConstructorAccessorImpl.newInstance (DelegatingConstructorAccessorImpl.java:45)\n    at java.lang.reflect.Constructor.newInstance (Constructor.java:423)\n    at org.openqa.selenium.remote.ErrorHandler.createThrowable (ErrorHandler.java:214)\n    at org.openqa.selenium.remote.ErrorHandler.throwIfResponseFailed (ErrorHandler.java:166)\n    at org.openqa.selenium.remote.http.JsonHttpResponseCodec.reconstructValue (JsonHttpResponseCodec.java:40)\n    at org.openqa.selenium.remote.http.AbstractHttpResponseCodec.decode (AbstractHttpResponseCodec.java:80)\n    at org.openqa.selenium.remote.http.AbstractHttpResponseCodec.decode (AbstractHttpResponseCodec.java:44)\n    at org.openqa.selenium.remote.HttpCommandExecutor.execute (HttpCommandExecutor.java:158)\n    at io.appium.java_client.remote.AppiumCommandExecutor.execute (AppiumCommandExecutor.java:239)\n    at org.openqa.selenium.remote.RemoteWebDriver.execute (RemoteWebDriver.java:552)\n    at io.appium.java_client.DefaultGenericMobileDriver.execute (DefaultGenericMobileDriver.java:41)\n    at io.appium.java_client.AppiumDriver.execute (AppiumDriver.java:1)\n    at io.appium.java_client.android.AndroidDriver.execute (AndroidDriver.java:1)\n    at org.openqa.selenium.remote.RemoteWebDriver.findElement (RemoteWebDriver.java:323)\n    at io.appium.java_client.DefaultGenericMobileDriver.findElement (DefaultGenericMobileDriver.java:61)\n    at io.appium.java_client.AppiumDriver.findElement (AppiumDriver.java:1)\n    at io.appium.java_client.android.AndroidDriver.findElement (AndroidDriver.java:1)\n    at org.openqa.selenium.remote.RemoteWebDriver.findElementByXPath (RemoteWebDriver.java:428)\n    at io.appium.java_client.DefaultGenericMobileDriver.findElementByXPath (DefaultGenericMobileDriver.java:151)\n    at io.appium.java_client.AppiumDriver.findElementByXPath (AppiumDriver.java:1)\n    at io.appium.java_client.android.AndroidDriver.findElementByXPath (AndroidDriver.java:1)\n    at org.openqa.selenium.By$ByXPath.findElement (By.java:353)\n    at org.openqa.selenium.remote.RemoteWebDriver.findElement (RemoteWebDriver.java:315)\n    at io.appium.java_client.DefaultGenericMobileDriver.findElement (DefaultGenericMobileDriver.java:57)\n    at io.appium.java_client.AppiumDriver.findElement (AppiumDriver.java:1)\n    at io.appium.java_client.android.AndroidDriver.findElement (AndroidDriver.java:1)\n    at com.perfectomobile.selenium.server.appium.AppiumAndroidDriverWrapper$2.call (AppiumAndroidDriverWrapper.java:78)\n    at com.nexperience.function.execute.ExecuteCallableCommand.process (ExecuteCallableCommand.java:30)\n    at com.nexperience.engine.script.command.AbstractScriptCommand.doExecute (AbstractScriptCommand.java:173)\n    at com.nexperience.engine.script.command.ScriptCommandBase.execute (ScriptCommandBase.java:105)\n    at com.nexperience.engine.script.tcl.event.CommandTclEvent.processEvent (CommandTclEvent.java:43)\n    at com.nexperience.engine.script.tcl.event.MaseTclEvent.processEvent (MaseTclEvent.java:56)\n    at tcl.lang.Notifier.serviceEvent (Notifier.java:457)\n    at tcl.lang.Notifier.doOneEvent (Notifier.java:610)\n    at tcl.lang.Notifier.processTclEvents (Notifier.java:786)\n    at com.nexperience.engine.script.tcl.event.TclEventProcessor.start (TclEventProcessor.java:80)\n    at com.nexperience.engine.script.tcl.TclInterpreter.startEventProcessing (TclInterpreter.java:552)\n    at com.nexperience.engine.script.execution.step.StepExecutionEventProcessor.callImpl (StepExecutionEventProcessor.java:85)\n    at com.nexperience.engine.script.execution.step.StepExecutionEventProcessor.callImpl (StepExecutionEventProcessor.java:21)\n    at com.nexperience.util.thread.WrappedCallable.call (WrappedCallable.java:31)\n    at java.util.concurrent.FutureTask.run (FutureTask.java:266)\n    at java.util.concurrent.ThreadPoolExecutor.runWorker (ThreadPoolExecutor.java:1142)\n    at java.util.concurrent.ThreadPoolExecutor$Worker.run (ThreadPoolExecutor.java:617)\n    at java.lang.Thread.run (Thread.java:748)",
        "time" : {
          "start" : 1631063078818,
          "stop" : 1631063196503,
          "duration" : 117685
        }
      }, {
        "uid" : "1f11b8420ee3a3c",
        "status" : "failed",
        "statusDetails" : "AssertionError",
        "time" : {
          "start" : 1630976572611,
          "stop" : 1630976661378,
          "duration" : 88767
        }
      }, {
        "uid" : "7a8e5930a0b88e77",
        "status" : "broken",
        "statusDetails" : "selenium.common.exceptions.TimeoutException: Message: \nStacktrace:\n    at sun.reflect.GeneratedConstructorAccessor1818.newInstance (None:-1)\n    at sun.reflect.DelegatingConstructorAccessorImpl.newInstance (DelegatingConstructorAccessorImpl.java:45)\n    at java.lang.reflect.Constructor.newInstance (Constructor.java:423)\n    at org.openqa.selenium.remote.ErrorHandler.createThrowable (ErrorHandler.java:214)\n    at org.openqa.selenium.remote.ErrorHandler.throwIfResponseFailed (ErrorHandler.java:166)\n    at org.openqa.selenium.remote.http.JsonHttpResponseCodec.reconstructValue (JsonHttpResponseCodec.java:40)\n    at org.openqa.selenium.remote.http.AbstractHttpResponseCodec.decode (AbstractHttpResponseCodec.java:80)\n    at org.openqa.selenium.remote.http.AbstractHttpResponseCodec.decode (AbstractHttpResponseCodec.java:44)\n    at org.openqa.selenium.remote.HttpCommandExecutor.execute (HttpCommandExecutor.java:158)\n    at io.appium.java_client.remote.AppiumCommandExecutor.execute (AppiumCommandExecutor.java:239)\n    at org.openqa.selenium.remote.RemoteWebDriver.execute (RemoteWebDriver.java:552)\n    at io.appium.java_client.DefaultGenericMobileDriver.execute (DefaultGenericMobileDriver.java:41)\n    at io.appium.java_client.AppiumDriver.execute (AppiumDriver.java:1)\n    at io.appium.java_client.android.AndroidDriver.execute (AndroidDriver.java:1)\n    at org.openqa.selenium.remote.RemoteWebDriver.findElement (RemoteWebDriver.java:323)\n    at io.appium.java_client.DefaultGenericMobileDriver.findElement (DefaultGenericMobileDriver.java:61)\n    at io.appium.java_client.AppiumDriver.findElement (AppiumDriver.java:1)\n    at io.appium.java_client.android.AndroidDriver.findElement (AndroidDriver.java:1)\n    at org.openqa.selenium.remote.RemoteWebDriver.findElementByXPath (RemoteWebDriver.java:428)\n    at io.appium.java_client.DefaultGenericMobileDriver.findElementByXPath (DefaultGenericMobileDriver.java:151)\n    at io.appium.java_client.AppiumDriver.findElementByXPath (AppiumDriver.java:1)\n    at io.appium.java_client.android.AndroidDriver.findElementByXPath (AndroidDriver.java:1)\n    at org.openqa.selenium.By$ByXPath.findElement (By.java:353)\n    at org.openqa.selenium.remote.RemoteWebDriver.findElement (RemoteWebDriver.java:315)\n    at io.appium.java_client.DefaultGenericMobileDriver.findElement (DefaultGenericMobileDriver.java:57)\n    at io.appium.java_client.AppiumDriver.findElement (AppiumDriver.java:1)\n    at io.appium.java_client.android.AndroidDriver.findElement (AndroidDriver.java:1)\n    at com.perfectomobile.selenium.server.appium.AppiumAndroidDriverWrapper$2.call (AppiumAndroidDriverWrapper.java:78)\n    at com.nexperience.function.execute.ExecuteCallableCommand.process (ExecuteCallableCommand.java:30)\n    at com.nexperience.engine.script.command.AbstractScriptCommand.doExecute (AbstractScriptCommand.java:173)\n    at com.nexperience.engine.script.command.ScriptCommandBase.execute (ScriptCommandBase.java:105)\n    at com.nexperience.engine.script.tcl.event.CommandTclEvent.processEvent (CommandTclEvent.java:43)\n    at com.nexperience.engine.script.tcl.event.MaseTclEvent.processEvent (MaseTclEvent.java:56)\n    at tcl.lang.Notifier.serviceEvent (Notifier.java:457)\n    at tcl.lang.Notifier.doOneEvent (Notifier.java:610)\n    at tcl.lang.Notifier.processTclEvents (Notifier.java:786)\n    at com.nexperience.engine.script.tcl.event.TclEventProcessor.start (TclEventProcessor.java:80)\n    at com.nexperience.engine.script.tcl.TclInterpreter.startEventProcessing (TclInterpreter.java:552)\n    at com.nexperience.engine.script.execution.step.StepExecutionEventProcessor.callImpl (StepExecutionEventProcessor.java:85)\n    at com.nexperience.engine.script.execution.step.StepExecutionEventProcessor.callImpl (StepExecutionEventProcessor.java:21)\n    at com.nexperience.util.thread.WrappedCallable.call (WrappedCallable.java:31)\n    at java.util.concurrent.FutureTask.run (FutureTask.java:266)\n    at java.util.concurrent.ThreadPoolExecutor.runWorker (ThreadPoolExecutor.java:1142)\n    at java.util.concurrent.ThreadPoolExecutor$Worker.run (ThreadPoolExecutor.java:617)\n    at java.lang.Thread.run (Thread.java:748)",
        "time" : {
          "start" : 1630889364940,
          "stop" : 1630889532990,
          "duration" : 168050
        }
      }, {
        "uid" : "4d871bcd4083011c",
        "status" : "broken",
        "statusDetails" : "selenium.common.exceptions.TimeoutException: Message: \nStacktrace:\n    at sun.reflect.GeneratedConstructorAccessor1561.newInstance (None:-1)\n    at sun.reflect.DelegatingConstructorAccessorImpl.newInstance (DelegatingConstructorAccessorImpl.java:45)\n    at java.lang.reflect.Constructor.newInstance (Constructor.java:423)\n    at org.openqa.selenium.remote.ErrorHandler.createThrowable (ErrorHandler.java:214)\n    at org.openqa.selenium.remote.ErrorHandler.throwIfResponseFailed (ErrorHandler.java:166)\n    at org.openqa.selenium.remote.http.JsonHttpResponseCodec.reconstructValue (JsonHttpResponseCodec.java:40)\n    at org.openqa.selenium.remote.http.AbstractHttpResponseCodec.decode (AbstractHttpResponseCodec.java:80)\n    at org.openqa.selenium.remote.http.AbstractHttpResponseCodec.decode (AbstractHttpResponseCodec.java:44)\n    at org.openqa.selenium.remote.HttpCommandExecutor.execute (HttpCommandExecutor.java:158)\n    at io.appium.java_client.remote.AppiumCommandExecutor.execute (AppiumCommandExecutor.java:239)\n    at org.openqa.selenium.remote.RemoteWebDriver.execute (RemoteWebDriver.java:552)\n    at io.appium.java_client.DefaultGenericMobileDriver.execute (DefaultGenericMobileDriver.java:41)\n    at io.appium.java_client.AppiumDriver.execute (AppiumDriver.java:1)\n    at io.appium.java_client.android.AndroidDriver.execute (AndroidDriver.java:1)\n    at org.openqa.selenium.remote.RemoteWebDriver.findElement (RemoteWebDriver.java:323)\n    at io.appium.java_client.DefaultGenericMobileDriver.findElement (DefaultGenericMobileDriver.java:61)\n    at io.appium.java_client.AppiumDriver.findElement (AppiumDriver.java:1)\n    at io.appium.java_client.android.AndroidDriver.findElement (AndroidDriver.java:1)\n    at org.openqa.selenium.remote.RemoteWebDriver.findElementByXPath (RemoteWebDriver.java:428)\n    at io.appium.java_client.DefaultGenericMobileDriver.findElementByXPath (DefaultGenericMobileDriver.java:151)\n    at io.appium.java_client.AppiumDriver.findElementByXPath (AppiumDriver.java:1)\n    at io.appium.java_client.android.AndroidDriver.findElementByXPath (AndroidDriver.java:1)\n    at org.openqa.selenium.By$ByXPath.findElement (By.java:353)\n    at org.openqa.selenium.remote.RemoteWebDriver.findElement (RemoteWebDriver.java:315)\n    at io.appium.java_client.DefaultGenericMobileDriver.findElement (DefaultGenericMobileDriver.java:57)\n    at io.appium.java_client.AppiumDriver.findElement (AppiumDriver.java:1)\n    at io.appium.java_client.android.AndroidDriver.findElement (AndroidDriver.java:1)\n    at com.perfectomobile.selenium.server.appium.AppiumAndroidDriverWrapper$2.call (AppiumAndroidDriverWrapper.java:78)\n    at com.nexperience.function.execute.ExecuteCallableCommand.process (ExecuteCallableCommand.java:30)\n    at com.nexperience.engine.script.command.AbstractScriptCommand.doExecute (AbstractScriptCommand.java:173)\n    at com.nexperience.engine.script.command.ScriptCommandBase.execute (ScriptCommandBase.java:105)\n    at com.nexperience.engine.script.tcl.event.CommandTclEvent.processEvent (CommandTclEvent.java:43)\n    at com.nexperience.engine.script.tcl.event.MaseTclEvent.processEvent (MaseTclEvent.java:56)\n    at tcl.lang.Notifier.serviceEvent (Notifier.java:457)\n    at tcl.lang.Notifier.doOneEvent (Notifier.java:610)\n    at tcl.lang.Notifier.processTclEvents (Notifier.java:786)\n    at com.nexperience.engine.script.tcl.event.TclEventProcessor.start (TclEventProcessor.java:80)\n    at com.nexperience.engine.script.tcl.TclInterpreter.startEventProcessing (TclInterpreter.java:552)\n    at com.nexperience.engine.script.execution.step.StepExecutionEventProcessor.callImpl (StepExecutionEventProcessor.java:85)\n    at com.nexperience.engine.script.execution.step.StepExecutionEventProcessor.callImpl (StepExecutionEventProcessor.java:21)\n    at com.nexperience.util.thread.WrappedCallable.call (WrappedCallable.java:31)\n    at java.util.concurrent.FutureTask.run (FutureTask.java:266)\n    at java.util.concurrent.ThreadPoolExecutor.runWorker (ThreadPoolExecutor.java:1142)\n    at java.util.concurrent.ThreadPoolExecutor$Worker.run (ThreadPoolExecutor.java:617)\n    at java.lang.Thread.run (Thread.java:748)",
        "time" : {
          "start" : 1630717288929,
          "stop" : 1630717457971,
          "duration" : 169042
        }
      }, {
        "uid" : "dcd76b1e0bf38675",
        "status" : "broken",
        "statusDetails" : "selenium.common.exceptions.NoSuchElementException: Message: Element with by xpath '//*[text()='RUN SPEED TEST']' wasn't found.\nFor documentation on this error, please visit: https://www.seleniumhq.org/exceptions/no_such_element.html\nBuild info: version: '3.141.59', revision: 'e82be7d358', time: '2018-11-14T08:17:03'\nDriver info: driver.version: PerfectoMobileDriver\nStacktrace:\n    at com.perfectomobile.selenium.MobileApplication.getSingleElement (MobileApplication.java:337)\n    at com.perfectomobile.selenium.MobileApplication.findElementByXPath (MobileApplication.java:193)\n    at org.openqa.selenium.By$ByXPath.findElement (By.java:353)\n    at com.perfectomobile.selenium.MobileApplication.findElement (MobileApplication.java:132)\n    at com.perfectomobile.selenium.server.PerfectoMobileDriver.findElement (PerfectoMobileDriver.java:1045)\n    at org.openqa.selenium.remote.server.handler.FindElement.call (FindElement.java:49)\n    at org.openqa.selenium.remote.server.handler.FindElement.call (FindElement.java:32)\n    at org.openqa.selenium.remote.server.handler.WebDriverHandler.handle (WebDriverHandler.java:41)\n    at org.openqa.selenium.remote.server.rest.ResultConfig.handle (ResultConfig.java:125)\n    at org.openqa.selenium.remote.server.JsonHttpCommandHandler.handleRequest (JsonHttpCommandHandler.java:200)\n    at org.openqa.selenium.remote.server.PerfectoMobileSession.execute (PerfectoMobileSession.java:68)\n    at org.openqa.selenium.remote.server.MobileWebDriverServlet.lambda$handle$2 (MobileWebDriverServlet.java:298)\n    at java.util.concurrent.Executors$RunnableAdapter.call (Executors.java:511)\n    at java.util.concurrent.FutureTask.run (FutureTask.java:266)\n    at java.util.concurrent.ThreadPoolExecutor.runWorker (ThreadPoolExecutor.java:1142)\n    at java.util.concurrent.ThreadPoolExecutor$Worker.run (ThreadPoolExecutor.java:617)\n    at java.lang.Thread.run (Thread.java:748)",
        "time" : {
          "start" : 1630630631170,
          "stop" : 1630630778313,
          "duration" : 147143
        }
      }, {
        "uid" : "2b085b129d925dcb",
        "status" : "broken",
        "statusDetails" : "selenium.common.exceptions.TimeoutException: Message: \nStacktrace:\n    at sun.reflect.GeneratedConstructorAccessor1341.newInstance (None:-1)\n    at sun.reflect.DelegatingConstructorAccessorImpl.newInstance (DelegatingConstructorAccessorImpl.java:45)\n    at java.lang.reflect.Constructor.newInstance (Constructor.java:423)\n    at org.openqa.selenium.remote.ErrorHandler.createThrowable (ErrorHandler.java:214)\n    at org.openqa.selenium.remote.ErrorHandler.throwIfResponseFailed (ErrorHandler.java:166)\n    at org.openqa.selenium.remote.http.JsonHttpResponseCodec.reconstructValue (JsonHttpResponseCodec.java:40)\n    at org.openqa.selenium.remote.http.AbstractHttpResponseCodec.decode (AbstractHttpResponseCodec.java:80)\n    at org.openqa.selenium.remote.http.AbstractHttpResponseCodec.decode (AbstractHttpResponseCodec.java:44)\n    at org.openqa.selenium.remote.HttpCommandExecutor.execute (HttpCommandExecutor.java:158)\n    at io.appium.java_client.remote.AppiumCommandExecutor.execute (AppiumCommandExecutor.java:239)\n    at org.openqa.selenium.remote.RemoteWebDriver.execute (RemoteWebDriver.java:552)\n    at io.appium.java_client.DefaultGenericMobileDriver.execute (DefaultGenericMobileDriver.java:41)\n    at io.appium.java_client.AppiumDriver.execute (AppiumDriver.java:1)\n    at io.appium.java_client.android.AndroidDriver.execute (AndroidDriver.java:1)\n    at org.openqa.selenium.remote.RemoteWebDriver.findElement (RemoteWebDriver.java:323)\n    at io.appium.java_client.DefaultGenericMobileDriver.findElement (DefaultGenericMobileDriver.java:61)\n    at io.appium.java_client.AppiumDriver.findElement (AppiumDriver.java:1)\n    at io.appium.java_client.android.AndroidDriver.findElement (AndroidDriver.java:1)\n    at org.openqa.selenium.remote.RemoteWebDriver.findElementByXPath (RemoteWebDriver.java:428)\n    at io.appium.java_client.DefaultGenericMobileDriver.findElementByXPath (DefaultGenericMobileDriver.java:151)\n    at io.appium.java_client.AppiumDriver.findElementByXPath (AppiumDriver.java:1)\n    at io.appium.java_client.android.AndroidDriver.findElementByXPath (AndroidDriver.java:1)\n    at org.openqa.selenium.By$ByXPath.findElement (By.java:353)\n    at org.openqa.selenium.remote.RemoteWebDriver.findElement (RemoteWebDriver.java:315)\n    at io.appium.java_client.DefaultGenericMobileDriver.findElement (DefaultGenericMobileDriver.java:57)\n    at io.appium.java_client.AppiumDriver.findElement (AppiumDriver.java:1)\n    at io.appium.java_client.android.AndroidDriver.findElement (AndroidDriver.java:1)\n    at com.perfectomobile.selenium.server.appium.AppiumAndroidDriverWrapper$2.call (AppiumAndroidDriverWrapper.java:78)\n    at com.nexperience.function.execute.ExecuteCallableCommand.process (ExecuteCallableCommand.java:30)\n    at com.nexperience.engine.script.command.AbstractScriptCommand.doExecute (AbstractScriptCommand.java:173)\n    at com.nexperience.engine.script.command.ScriptCommandBase.execute (ScriptCommandBase.java:105)\n    at com.nexperience.engine.script.tcl.event.CommandTclEvent.processEvent (CommandTclEvent.java:43)\n    at com.nexperience.engine.script.tcl.event.MaseTclEvent.processEvent (MaseTclEvent.java:56)\n    at tcl.lang.Notifier.serviceEvent (Notifier.java:457)\n    at tcl.lang.Notifier.doOneEvent (Notifier.java:610)\n    at tcl.lang.Notifier.processTclEvents (Notifier.java:786)\n    at com.nexperience.engine.script.tcl.event.TclEventProcessor.start (TclEventProcessor.java:80)\n    at com.nexperience.engine.script.tcl.TclInterpreter.startEventProcessing (TclInterpreter.java:552)\n    at com.nexperience.engine.script.execution.step.StepExecutionEventProcessor.callImpl (StepExecutionEventProcessor.java:85)\n    at com.nexperience.engine.script.execution.step.StepExecutionEventProcessor.callImpl (StepExecutionEventProcessor.java:21)\n    at com.nexperience.util.thread.WrappedCallable.call (WrappedCallable.java:31)\n    at java.util.concurrent.FutureTask.run (FutureTask.java:266)\n    at java.util.concurrent.ThreadPoolExecutor.runWorker (ThreadPoolExecutor.java:1142)\n    at java.util.concurrent.ThreadPoolExecutor$Worker.run (ThreadPoolExecutor.java:617)\n    at java.lang.Thread.run (Thread.java:748)",
        "time" : {
          "start" : 1630544664191,
          "stop" : 1630544834304,
          "duration" : 170113
        }
      }, {
        "uid" : "802efd75a4c03614",
        "status" : "broken",
        "statusDetails" : "KeyError: 'ip'",
        "time" : {
          "start" : 1630369757254,
          "stop" : 1630369757254,
          "duration" : 0
        }
      }, {
        "uid" : "5730f8ea38a2968b",
        "status" : "passed",
        "time" : {
          "start" : 1630285823475,
          "stop" : 1630286034362,
          "duration" : 210887
        }
      }, {
        "uid" : "14795b82ee6cda7e",
        "status" : "passed",
        "time" : {
          "start" : 1630199146573,
          "stop" : 1630199358283,
          "duration" : 211710
        }
      }, {
        "uid" : "c55563bc49308d0d",
        "status" : "passed",
        "time" : {
          "start" : 1630112943814,
          "stop" : 1630113152616,
          "duration" : 208802
        }
      }, {
        "uid" : "5aadf707aa7f5d17",
        "status" : "passed",
        "time" : {
          "start" : 1629767131303,
          "stop" : 1629767341838,
          "duration" : 210535
        }
      }, {
        "uid" : "85618d8932db8e0",
        "status" : "broken",
        "statusDetails" : "KeyError: 'interop'",
        "time" : {
          "start" : 1629678409954,
          "stop" : 1629678409954,
          "duration" : 0
        }
      }, {
        "uid" : "781fedc450f33c6a",
        "status" : "broken",
        "statusDetails" : "KeyError: 'interop'",
        "time" : {
          "start" : 1629649164905,
          "stop" : 1629649164905,
          "duration" : 0
        }
      }, {
        "uid" : "e249971fc35b7a2d",
        "status" : "passed",
        "time" : {
          "start" : 1629594486141,
          "stop" : 1629594697330,
          "duration" : 211189
        }
      }, {
        "uid" : "c08a98a09caec9",
        "status" : "passed",
        "time" : {
          "start" : 1629507770021,
          "stop" : 1629507893411,
          "duration" : 123390
        }
      }, {
        "uid" : "19af85000d993c15",
        "status" : "passed",
        "time" : {
          "start" : 1629421362116,
          "stop" : 1629421721210,
          "duration" : 359094
        }
      }, {
        "uid" : "b2b5c792ac1ee661",
        "status" : "passed",
        "time" : {
          "start" : 1629335298317,
          "stop" : 1629335510860,
          "duration" : 212543
        }
      } ]
    },
    "tags" : [ "@pytest.mark.usefixtures('setup_profiles')", "AccessPointConnection", "android", "interop", "sanity", "interop_and", "fiveg", "open" ]
  },
  "source" : "6d304da20804fd94.json",
  "parameterValues" : [ "{'mode': 'BRIDGE', 'ssid_modes': {'wpa': [{'ssid_name': 'ssid_wpa_2g', 'appliedRadios': ['2G'], 'security_key': 'something', 'security': 'psk'}, {'ssid_name': 'ssid_wpa_5g', 'appliedRadios': ['5G'], 'security_key': 'something', 'security': 'psk'}], 'open': [{'ssid_name': 'ssid_open_2g', 'appliedRadios': ['2G'], 'security': 'none'}, {'ssid_name': 'ssid_open_5g', 'appliedRadios': ['5G'], 'security': 'none'}], 'wpa2_personal': [{'ssid_name': 'ssid_wpa2_2g', 'appliedRadios': ['2G'], 'security_key': 'something', 'security': 'psk2'}, {'ssid_name': 'ssid_wpa2_5g', 'appliedRadios': ['5G'], 'security_key': 'something', 'security': 'psk2'}]}, 'rf': {}, 'radius': False}" ]
}